<?xml version="1.0" encoding="UTF-8"?>
<testng-results ignored="0" total="1" passed="1" failed="0" skipped="0">
  <reporter-output>
  </reporter-output>
  <suite started-at="2023-06-20T20:30:41 IST" name="Surefire suite" finished-at="2023-06-20T20:30:47 IST" duration-ms="5818">
    <groups>
    </groups>
    <test started-at="2023-06-20T20:30:41 IST" name="Surefire test" finished-at="2023-06-20T20:30:47 IST" duration-ms="5818">
      <class name="ePack.DemoOneTest">
        <test-method signature="loginTest()[pri:0, instance:ePack.DemoOneTest@2bfc268b]" started-at="2023-06-20T20:30:41 IST" name="loginTest" finished-at="2023-06-20T20:30:47 IST" duration-ms="5781" status="PASS">
          <reporter-output>
          </reporter-output>
        </test-method> <!-- loginTest -->
      </class> <!-- ePack.DemoOneTest -->
    </test> <!-- Surefire test -->
  </suite> <!-- Surefire suite -->
</testng-results>
