<?xml version="1.0" encoding="UTF-8"?>
<testng-results ignored="0" total="1" passed="1" failed="0" skipped="0">
  <reporter-output>
  </reporter-output>
  <suite started-at="2023-07-11T20:04:57 IST" name="Default suite" finished-at="2023-07-11T20:05:02 IST" duration-ms="5492">
    <groups>
    </groups>
    <test started-at="2023-07-11T20:04:57 IST" name="Default test" finished-at="2023-07-11T20:05:02 IST" duration-ms="5492">
      <class name="ePack.LoginTest">
        <test-method signature="login()[pri:0, instance:ePack.LoginTest@229c6181]" started-at="2023-07-11T20:04:57 IST" name="login" finished-at="2023-07-11T20:05:02 IST" duration-ms="5238" status="PASS">
          <reporter-output>
          </reporter-output>
        </test-method> <!-- login -->
        <test-method is-config="true" signature="closure()[pri:0, instance:ePack.LoginTest@229c6181]" started-at="2023-07-11T20:05:02 IST" name="closure" finished-at="2023-07-11T20:05:02 IST" duration-ms="214" status="PASS">
          <reporter-output>
          </reporter-output>
        </test-method> <!-- closure -->
      </class> <!-- ePack.LoginTest -->
    </test> <!-- Default test -->
  </suite> <!-- Default suite -->
</testng-results>
